SF:lib/src/cubits/board_cubit.dart
DA:9,6
DA:11,2
DA:12,4
DA:14,4
DA:15,4
DA:17,4
DA:21,1
DA:22,1
DA:24,1
DA:25,1
DA:28,1
DA:29,1
DA:31,1
DA:32,1
DA:35,1
DA:36,1
DA:38,1
DA:39,3
DA:40,1
DA:43,1
DA:45,2
DA:48,1
DA:49,1
DA:51,1
DA:54,2
DA:57,1
DA:59,2
DA:60,2
DA:62,2
LF:29
LH:29
end_of_record
SF:lib/src/models/task.dart
DA:8,4
DA:10,0
DA:11,0
DA:13,1
DA:14,1
DA:15,1
DA:16,1
DA:17,0
LF:8
LH:5
end_of_record
SF:lib/src/states/board_state.dart
DA:10,2
DA:14,6
DA:20,2
LF:3
LH:3
end_of_record
SF:lib/src/repositories/isar/isar_board_repository.dart
DA:9,1
DA:11,1
DA:13,2
DA:16,3
DA:17,1
DA:18,1
DA:19,1
DA:21,1
DA:24,1
DA:26,2
DA:27,1
DA:28,2
DA:29,2
DA:30,3
DA:31,2
DA:34,1
DA:36,2
DA:37,2
LF:18
LH:18
end_of_record
SF:lib/src/repositories/isar/isar_datasource.dart
DA:8,0
DA:9,0
DA:10,0
DA:12,0
DA:13,0
DA:14,0
DA:15,0
DA:17,0
DA:20,0
DA:21,0
DA:22,0
DA:25,0
DA:26,0
DA:28,0
DA:29,0
DA:33,0
DA:34,0
DA:35,0
DA:36,0
LF:19
LH:0
end_of_record
SF:lib/src/pages/board_page.dart
DA:8,1
DA:10,1
DA:11,1
DA:15,1
DA:17,1
DA:18,3
DA:19,3
DA:23,1
DA:25,1
DA:26,1
DA:28,1
DA:30,1
DA:35,1
DA:36,1
DA:37,1
DA:39,1
DA:40,0
DA:41,0
DA:42,0
DA:43,0
DA:44,0
DA:46,0
DA:47,0
DA:48,0
DA:49,0
DA:50,0
DA:56,1
DA:62,1
DA:63,1
DA:64,4
DA:68,1
DA:69,0
DA:70,0
DA:80,0
DA:82,0
DA:83,0
DA:84,0
DA:85,0
DA:86,0
DA:87,0
DA:88,0
DA:89,0
DA:93,0
DA:94,0
DA:95,0
DA:96,0
DA:97,0
DA:103,0
DA:104,0
LF:49
LH:21
end_of_record
